[0m10:03:05.309162 [debug] [MainThread]: Sending event: {'category': 'dbt', 'action': 'invocation', 'label': 'start', 'context': [<snowplow_tracker.self_describing_json.SelfDescribingJson object at 0x104c08530>, <snowplow_tracker.self_describing_json.SelfDescribingJson object at 0x10736dbe0>, <snowplow_tracker.self_describing_json.SelfDescribingJson object at 0x10736d7f0>]}


============================== 10:03:05.327051 | 9ddb3b13-a89d-449c-9458-b866b98a05a8 ==============================
[0m10:03:05.327051 [info ] [MainThread]: Running with dbt=1.11.2
[0m10:03:05.327340 [debug] [MainThread]: running dbt with arguments {'debug': 'False', 'target_path': 'None', 'version_check': 'True', 'quiet': 'False', 'cache_selected_only': 'False', 'profiles_dir': '/Users/utsavkanani/.dbt', 'introspect': 'True', 'no_print': 'None', 'use_experimental_parser': 'False', 'warn_error_options': 'WarnErrorOptionsV2(error=[], warn=[], silence=[])', 'send_anonymous_usage_stats': 'True', 'log_cache_events': 'False', 'log_format': 'default', 'invocation_command': 'dbt init', 'printer_width': '80', 'indirect_selection': 'eager', 'partial_parse': 'True', 'warn_error': 'None', 'write_json': 'True', 'fail_fast': 'False', 'empty': 'None', 'use_colors': 'True', 'log_path': 'logs', 'static_parser': 'True'}
[0m10:04:50.777700 [debug] [MainThread]: Starter project path: /Users/utsavkanani/Desktop/DATA ANALYSTT/DBT/DBT_SnowFlake_Project/.venv/lib/python3.12/site-packages/dbt/include/starter_project
[0m10:04:50.794404 [info ] [MainThread]: 
Your new dbt project "airbnb_project_dbtsnowflake" was created!

For more information on how to configure the profiles.yml file,
please consult the dbt documentation here:

  https://docs.getdbt.com/docs/configure-your-profile

One more thing:

Need help? Don't hesitate to reach out to us via GitHub issues or on Slack:

  https://community.getdbt.com/

Happy modeling!

[0m10:04:50.794921 [info ] [MainThread]: Setting up your profile.
[0m10:04:57.248199 [debug] [MainThread]: Snowflake adapter: Setting snowflake.connector to ERROR (file logging only)
[0m10:04:57.248590 [debug] [MainThread]: Snowflake adapter: Setting botocore to ERROR (file logging only)
[0m10:04:57.248725 [debug] [MainThread]: Snowflake adapter: Setting boto3 to ERROR (file logging only)
[0m10:09:36.789590 [info ] [MainThread]: Profile airbnb_project_dbtsnowflake written to /Users/utsavkanani/.dbt/profiles.yml using target's profile_template.yml and your supplied values. Run 'dbt debug' to validate the connection.
[0m10:09:36.809895 [debug] [MainThread]: Resource report: {"command_name": "init", "command_success": true, "command_wall_clock_time": 391.537, "process_in_blocks": "0", "process_kernel_time": 0.464394, "process_mem_max_rss": "157188096", "process_out_blocks": "0", "process_user_time": 1.625518}
[0m10:09:36.813217 [debug] [MainThread]: Command `dbt init` succeeded at 10:09:36.813055 after 391.54 seconds
[0m10:09:36.813891 [debug] [MainThread]: Sending event: {'category': 'dbt', 'action': 'invocation', 'label': 'end', 'context': [<snowplow_tracker.self_describing_json.SelfDescribingJson object at 0x10736d850>, <snowplow_tracker.self_describing_json.SelfDescribingJson object at 0x107542840>, <snowplow_tracker.self_describing_json.SelfDescribingJson object at 0x107627ce0>]}
[0m10:09:36.814327 [debug] [MainThread]: Flushing usage events
[0m10:09:37.202125 [debug] [MainThread]: An error was encountered while trying to flush usage events
